<?xml version="1.0" encoding="UTF-8"?>
<testng-results ignored="0" total="2" passed="2" failed="0" skipped="0">
  <reporter-output>
  </reporter-output>
  <suite started-at="2026-02-18T20:05:03 AEDT" name="Surefire suite" finished-at="2026-02-18T20:05:52 AEDT" duration-ms="49514">
    <groups>
      <group name="cucumber">
        <method signature="AbstractTestNGCucumberTests.runScenario(io.cucumber.testng.PickleWrapper,io.cucumber.testng.FeatureWrapper)[pri:0, instance:runners.TestApiRunner@74f0ea28]" name="runScenario" class="io.cucumber.testng.AbstractTestNGCucumberTests"/>
        <method signature="AbstractTestNGCucumberTests.runScenario(io.cucumber.testng.PickleWrapper,io.cucumber.testng.FeatureWrapper)[pri:0, instance:runners.TestUiRunner@49e53c76]" name="runScenario" class="io.cucumber.testng.AbstractTestNGCucumberTests"/>
      </group> <!-- cucumber -->
    </groups>
    <test started-at="2026-02-18T20:05:03 AEDT" name="Surefire test" finished-at="2026-02-18T20:05:52 AEDT" duration-ms="49514">
      <class name="runners.TestApiRunner">
        <test-method is-config="true" signature="setUpClass(org.testng.ITestContext)[pri:0, instance:runners.TestApiRunner@74f0ea28]" started-at="2026-02-18T20:05:03 AEDT" name="setUpClass" finished-at="2026-02-18T20:05:06 AEDT" duration-ms="2571" status="PASS">
          <params>
            <param index="0">
              <value>
                <![CDATA[org.testng.TestRunner@2cd5b19c]]>
              </value>
            </param>
          </params>
          <reporter-output>
          </reporter-output>
        </test-method> <!-- setUpClass -->
        <test-method signature="runScenario(io.cucumber.testng.PickleWrapper,io.cucumber.testng.FeatureWrapper)[pri:0, instance:runners.TestApiRunner@74f0ea28]" started-at="2026-02-18T20:05:06 AEDT" name="runScenario" description="Runs Cucumber Scenarios" data-provider="scenarios" finished-at="2026-02-18T20:05:18 AEDT" duration-ms="12838" status="PASS">
          <params>
            <param index="0">
              <value>
                <![CDATA["Fetch author names from Author API"]]>
              </value>
            </param>
            <param index="1">
              <value>
                <![CDATA["Author API feature"]]>
              </value>
            </param>
          </params>
          <reporter-output>
          </reporter-output>
        </test-method> <!-- runScenario -->
        <test-method is-config="true" signature="tearDownClass()[pri:0, instance:runners.TestApiRunner@74f0ea28]" started-at="2026-02-18T20:05:18 AEDT" name="tearDownClass" finished-at="2026-02-18T20:05:21 AEDT" duration-ms="2178" status="PASS">
          <reporter-output>
          </reporter-output>
        </test-method> <!-- tearDownClass -->
      </class> <!-- runners.TestApiRunner -->
      <class name="runners.TestUiRunner">
        <test-method is-config="true" signature="setUpClass(org.testng.ITestContext)[pri:0, instance:runners.TestUiRunner@49e53c76]" started-at="2026-02-18T20:05:21 AEDT" name="setUpClass" finished-at="2026-02-18T20:05:21 AEDT" duration-ms="61" status="PASS">
          <params>
            <param index="0">
              <value>
                <![CDATA[org.testng.TestRunner@2cd5b19c]]>
              </value>
            </param>
          </params>
          <reporter-output>
          </reporter-output>
        </test-method> <!-- setUpClass -->
        <test-method signature="runScenario(io.cucumber.testng.PickleWrapper,io.cucumber.testng.FeatureWrapper)[pri:0, instance:runners.TestUiRunner@49e53c76]" started-at="2026-02-18T20:05:21 AEDT" name="runScenario" description="Runs Cucumber Scenarios" data-provider="scenarios" finished-at="2026-02-18T20:05:51 AEDT" duration-ms="30175" status="PASS">
          <params>
            <param index="0">
              <value>
                <![CDATA["validate motor vehicle registration calculation"]]>
              </value>
            </param>
            <param index="1">
              <value>
                <![CDATA["Check motor vehicle stamp duty"]]>
              </value>
            </param>
          </params>
          <reporter-output>
          </reporter-output>
        </test-method> <!-- runScenario -->
        <test-method is-config="true" signature="tearDownClass()[pri:0, instance:runners.TestUiRunner@49e53c76]" started-at="2026-02-18T20:05:51 AEDT" name="tearDownClass" finished-at="2026-02-18T20:05:52 AEDT" duration-ms="1486" status="PASS">
          <reporter-output>
          </reporter-output>
        </test-method> <!-- tearDownClass -->
      </class> <!-- runners.TestUiRunner -->
    </test> <!-- Surefire test -->
  </suite> <!-- Surefire suite -->
</testng-results>
