<?xml version="1.0" encoding="UTF-8"?>
<testng-results ignored="0" total="12" passed="9" failed="3" skipped="0">
  <reporter-output>
  </reporter-output>
  <suite started-at="2022-03-24T16:46:40 GMT" name="Default suite" finished-at="2022-03-24T16:48:11 GMT" duration-ms="90661">
    <groups>
      <group name="cucumber">
        <method signature="AbstractTestNGCucumberTests.runScenario(io.cucumber.testng.PickleWrapper,io.cucumber.testng.FeatureWrapper)[pri:0, instance:StepDefinitions.TestRunner@76b1e9b8]" name="runScenario" class="io.cucumber.testng.AbstractTestNGCucumberTests"/>
      </group> <!-- cucumber -->
    </groups>
    <test started-at="2022-03-24T16:46:40 GMT" name="Default test" finished-at="2022-03-24T16:48:11 GMT" duration-ms="90661">
      <class name="StepDefinitions.TestRunner">
        <test-method is-config="true" signature="setUpClass(org.testng.ITestContext)[pri:0, instance:StepDefinitions.TestRunner@76b1e9b8]" started-at="2022-03-24T16:46:40 GMT" name="setUpClass" finished-at="2022-03-24T16:46:41 GMT" duration-ms="1240" status="PASS">
          <params>
            <param index="0">
              <value>
                <![CDATA[org.testng.TestRunner@cc41d2d]]>
              </value>
            </param>
          </params>
          <reporter-output>
          </reporter-output>
        </test-method> <!-- setUpClass -->
        <test-method signature="runScenario(io.cucumber.testng.PickleWrapper,io.cucumber.testng.FeatureWrapper)[pri:0, instance:StepDefinitions.TestRunner@76b1e9b8]" started-at="2022-03-24T16:46:41 GMT" name="runScenario" description="Runs Cucumber Scenarios" data-provider="scenarios" finished-at="2022-03-24T16:46:47 GMT" duration-ms="5793" status="PASS">
          <params>
            <param index="0">
              <value>
                <![CDATA["api testing"]]>
              </value>
            </param>
            <param index="1">
              <value>
                <![CDATA["Optional[to test api feature]"]]>
              </value>
            </param>
          </params>
          <reporter-output>
          </reporter-output>
        </test-method> <!-- runScenario -->
        <test-method signature="runScenario(io.cucumber.testng.PickleWrapper,io.cucumber.testng.FeatureWrapper)[pri:0, instance:StepDefinitions.TestRunner@76b1e9b8]" started-at="2022-03-24T16:46:47 GMT" name="runScenario" description="Runs Cucumber Scenarios" data-provider="scenarios" finished-at="2022-03-24T16:46:51 GMT" duration-ms="3277" status="FAIL">
          <params>
            <param index="0">
              <value>
                <![CDATA["api testing"]]>
              </value>
            </param>
            <param index="1">
              <value>
                <![CDATA["Optional[to test api feature]"]]>
              </value>
            </param>
          </params>
          <exception class="java.lang.NullPointerException">
            <message>
              <![CDATA[Cannot invoke "io.restassured.response.Response.getStatusCode()" because "this.response" is null]]>
            </message>
            <full-stacktrace>
              <![CDATA[java.lang.NullPointerException: Cannot invoke "io.restassured.response.Response.getStatusCode()" because "this.response" is null
at StepDefinitions.APIrequestSteps.i_can_validate_response(APIrequestSteps.java:65)
at ✽.I can validate response(file:///C:/Users/paulo/EclipseProjects/APICucumberJavaPOMTestNG/src/test/resources/Features/api.feature:12)
]]>
            </full-stacktrace>
          </exception> <!-- java.lang.NullPointerException -->
          <reporter-output>
          </reporter-output>
        </test-method> <!-- runScenario -->
        <test-method signature="runScenario(io.cucumber.testng.PickleWrapper,io.cucumber.testng.FeatureWrapper)[pri:0, instance:StepDefinitions.TestRunner@76b1e9b8]" started-at="2022-03-24T16:46:51 GMT" name="runScenario" description="Runs Cucumber Scenarios" data-provider="scenarios" finished-at="2022-03-24T16:46:53 GMT" duration-ms="2164" status="PASS">
          <params>
            <param index="0">
              <value>
                <![CDATA["POST api testing"]]>
              </value>
            </param>
            <param index="1">
              <value>
                <![CDATA["Optional[to test api feature]"]]>
              </value>
            </param>
          </params>
          <reporter-output>
          </reporter-output>
        </test-method> <!-- runScenario -->
        <test-method signature="runScenario(io.cucumber.testng.PickleWrapper,io.cucumber.testng.FeatureWrapper)[pri:0, instance:StepDefinitions.TestRunner@76b1e9b8]" started-at="2022-03-24T16:46:53 GMT" name="runScenario" description="Runs Cucumber Scenarios" data-provider="scenarios" finished-at="2022-03-24T16:46:54 GMT" duration-ms="1504" status="PASS">
          <params>
            <param index="0">
              <value>
                <![CDATA["PUT api testing"]]>
              </value>
            </param>
            <param index="1">
              <value>
                <![CDATA["Optional[to test api feature]"]]>
              </value>
            </param>
          </params>
          <reporter-output>
          </reporter-output>
        </test-method> <!-- runScenario -->
        <test-method signature="runScenario(io.cucumber.testng.PickleWrapper,io.cucumber.testng.FeatureWrapper)[pri:0, instance:StepDefinitions.TestRunner@76b1e9b8]" started-at="2022-03-24T16:46:54 GMT" name="runScenario" description="Runs Cucumber Scenarios" data-provider="scenarios" finished-at="2022-03-24T16:46:56 GMT" duration-ms="1388" status="PASS">
          <params>
            <param index="0">
              <value>
                <![CDATA["PATCH api testing"]]>
              </value>
            </param>
            <param index="1">
              <value>
                <![CDATA["Optional[to test api feature]"]]>
              </value>
            </param>
          </params>
          <reporter-output>
          </reporter-output>
        </test-method> <!-- runScenario -->
        <test-method signature="runScenario(io.cucumber.testng.PickleWrapper,io.cucumber.testng.FeatureWrapper)[pri:0, instance:StepDefinitions.TestRunner@76b1e9b8]" started-at="2022-03-24T16:46:56 GMT" name="runScenario" description="Runs Cucumber Scenarios" data-provider="scenarios" finished-at="2022-03-24T16:46:57 GMT" duration-ms="1312" status="PASS">
          <params>
            <param index="0">
              <value>
                <![CDATA["DELETE api testing"]]>
              </value>
            </param>
            <param index="1">
              <value>
                <![CDATA["Optional[to test api feature]"]]>
              </value>
            </param>
          </params>
          <reporter-output>
          </reporter-output>
        </test-method> <!-- runScenario -->
        <test-method signature="runScenario(io.cucumber.testng.PickleWrapper,io.cucumber.testng.FeatureWrapper)[pri:0, instance:StepDefinitions.TestRunner@76b1e9b8]" started-at="2022-03-24T16:46:57 GMT" name="runScenario" description="Runs Cucumber Scenarios" data-provider="scenarios" finished-at="2022-03-24T16:46:58 GMT" duration-ms="1399" status="PASS">
          <params>
            <param index="0">
              <value>
                <![CDATA["POST api testing with multi users"]]>
              </value>
            </param>
            <param index="1">
              <value>
                <![CDATA["Optional[to test api feature]"]]>
              </value>
            </param>
          </params>
          <reporter-output>
          </reporter-output>
        </test-method> <!-- runScenario -->
        <test-method signature="runScenario(io.cucumber.testng.PickleWrapper,io.cucumber.testng.FeatureWrapper)[pri:0, instance:StepDefinitions.TestRunner@76b1e9b8]" started-at="2022-03-24T16:46:58 GMT" name="runScenario" description="Runs Cucumber Scenarios" data-provider="scenarios" finished-at="2022-03-24T16:47:00 GMT" duration-ms="1429" status="PASS">
          <params>
            <param index="0">
              <value>
                <![CDATA["POST api testing with multi users"]]>
              </value>
            </param>
            <param index="1">
              <value>
                <![CDATA["Optional[to test api feature]"]]>
              </value>
            </param>
          </params>
          <reporter-output>
          </reporter-output>
        </test-method> <!-- runScenario -->
        <test-method signature="runScenario(io.cucumber.testng.PickleWrapper,io.cucumber.testng.FeatureWrapper)[pri:0, instance:StepDefinitions.TestRunner@76b1e9b8]" started-at="2022-03-24T16:47:00 GMT" name="runScenario" description="Runs Cucumber Scenarios" data-provider="scenarios" finished-at="2022-03-24T16:47:01 GMT" duration-ms="1434" status="PASS">
          <params>
            <param index="0">
              <value>
                <![CDATA["deck of cards api testing"]]>
              </value>
            </param>
            <param index="1">
              <value>
                <![CDATA["Optional[to test api feature]"]]>
              </value>
            </param>
          </params>
          <reporter-output>
          </reporter-output>
        </test-method> <!-- runScenario -->
        <test-method signature="runScenario(io.cucumber.testng.PickleWrapper,io.cucumber.testng.FeatureWrapper)[pri:0, instance:StepDefinitions.TestRunner@76b1e9b8]" started-at="2022-03-24T16:47:01 GMT" name="runScenario" description="Runs Cucumber Scenarios" data-provider="scenarios" finished-at="2022-03-24T16:47:13 GMT" duration-ms="11776" status="FAIL">
          <params>
            <param index="0">
              <value>
                <![CDATA["verify title of the Landing page"]]>
              </value>
            </param>
            <param index="1">
              <value>
                <![CDATA["Optional[Title of your feature]"]]>
              </value>
            </param>
          </params>
          <exception class="org.junit.ComparisonFailure">
            <message>
              <![CDATA[expected:<Order Status[1]> but was:<Order Status[]>]]>
            </message>
            <full-stacktrace>
              <![CDATA[org.junit.ComparisonFailure: expected:<Order Status[1]> but was:<Order Status[]>
at org.junit.Assert.assertEquals(Assert.java:117)
at org.junit.Assert.assertEquals(Assert.java:146)
at StepDefinitions.LandingPageSteps.the_title_of_the_page_will_be_correct(LandingPageSteps.java:76)
at ✽.the title of the page will be correct(file:///C:/Users/paulo/EclipseProjects/APICucumberJavaPOMTestNG/src/test/resources/Features/gfswebsite.feature:6)
]]>
            </full-stacktrace>
          </exception> <!-- org.junit.ComparisonFailure -->
          <reporter-output>
          </reporter-output>
        </test-method> <!-- runScenario -->
        <test-method signature="runScenario(io.cucumber.testng.PickleWrapper,io.cucumber.testng.FeatureWrapper)[pri:0, instance:StepDefinitions.TestRunner@76b1e9b8]" started-at="2022-03-24T16:47:13 GMT" name="runScenario" description="Runs Cucumber Scenarios" data-provider="scenarios" finished-at="2022-03-24T16:47:29 GMT" duration-ms="16265" status="FAIL">
          <params>
            <param index="0">
              <value>
                <![CDATA["Verify Signed in Home Page"]]>
              </value>
            </param>
            <param index="1">
              <value>
                <![CDATA["Optional[Title of your feature]"]]>
              </value>
            </param>
          </params>
          <exception class="org.junit.ComparisonFailure">
            <message>
              <![CDATA[expected:<[Manage Your Account]> but was:<[]>]]>
            </message>
            <full-stacktrace>
              <![CDATA[org.junit.ComparisonFailure: expected:<[Manage Your Account]> but was:<[]>
at org.junit.Assert.assertEquals(Assert.java:117)
at org.junit.Assert.assertEquals(Assert.java:146)
at StepDefinitions.SignedInHomePageSteps.user_is_in_landing_page(SignedInHomePageSteps.java:29)
at ✽.user is in signedinhome page(file:///C:/Users/paulo/EclipseProjects/APICucumberJavaPOMTestNG/src/test/resources/Features/gfswebsite.feature:13)
]]>
            </full-stacktrace>
          </exception> <!-- org.junit.ComparisonFailure -->
          <reporter-output>
          </reporter-output>
        </test-method> <!-- runScenario -->
        <test-method signature="runScenario(io.cucumber.testng.PickleWrapper,io.cucumber.testng.FeatureWrapper)[pri:0, instance:StepDefinitions.TestRunner@76b1e9b8]" started-at="2022-03-24T16:47:29 GMT" name="runScenario" description="Runs Cucumber Scenarios" data-provider="scenarios" finished-at="2022-03-24T16:48:04 GMT" duration-ms="35083" status="PASS">
          <params>
            <param index="0">
              <value>
                <![CDATA["Verify OrderStatus Page"]]>
              </value>
            </param>
            <param index="1">
              <value>
                <![CDATA["Optional[Title of your feature]"]]>
              </value>
            </param>
          </params>
          <reporter-output>
          </reporter-output>
        </test-method> <!-- runScenario -->
        <test-method is-config="true" signature="tearDownClass()[pri:0, instance:StepDefinitions.TestRunner@76b1e9b8]" started-at="2022-03-24T16:48:04 GMT" name="tearDownClass" finished-at="2022-03-24T16:48:11 GMT" duration-ms="6508" status="PASS">
          <reporter-output>
          </reporter-output>
        </test-method> <!-- tearDownClass -->
      </class> <!-- StepDefinitions.TestRunner -->
    </test> <!-- Default test -->
  </suite> <!-- Default suite -->
</testng-results>
