<?xml version="1.0" encoding="UTF-8"?>
<testng-results ignored="0" total="1" passed="1" failed="0" skipped="0">
  <reporter-output>
  </reporter-output>
  <suite started-at="2022-03-20T21:27:48 GMT" name="Default suite" finished-at="2022-03-20T21:28:05 GMT" duration-ms="17444">
    <groups>
      <group name="cucumber">
        <method signature="AbstractTestNGCucumberTests.runScenario(io.cucumber.testng.PickleWrapper,io.cucumber.testng.FeatureWrapper)[pri:0, instance:StepDefinitions.TestRunner@76b1e9b8]" name="runScenario" class="io.cucumber.testng.AbstractTestNGCucumberTests"/>
      </group> <!-- cucumber -->
    </groups>
    <test started-at="2022-03-20T21:27:48 GMT" name="Default test" finished-at="2022-03-20T21:28:05 GMT" duration-ms="17444">
      <class name="StepDefinitions.TestRunner">
        <test-method is-config="true" signature="setUpClass(org.testng.ITestContext)[pri:0, instance:StepDefinitions.TestRunner@76b1e9b8]" started-at="2022-03-20T21:27:48 GMT" name="setUpClass" finished-at="2022-03-20T21:27:50 GMT" duration-ms="2212" status="PASS">
          <params>
            <param index="0">
              <value>
                <![CDATA[org.testng.TestRunner@6771fc29]]>
              </value>
            </param>
          </params>
          <reporter-output>
          </reporter-output>
        </test-method> <!-- setUpClass -->
        <test-method signature="runScenario(io.cucumber.testng.PickleWrapper,io.cucumber.testng.FeatureWrapper)[pri:0, instance:StepDefinitions.TestRunner@76b1e9b8]" started-at="2022-03-20T21:27:50 GMT" name="runScenario" description="Runs Cucumber Scenarios" data-provider="scenarios" finished-at="2022-03-20T21:28:01 GMT" duration-ms="10822" status="PASS">
          <params>
            <param index="0">
              <value>
                <![CDATA["deck of cards api testing"]]>
              </value>
            </param>
            <param index="1">
              <value>
                <![CDATA["Optional[to test api feature]"]]>
              </value>
            </param>
          </params>
          <reporter-output>
          </reporter-output>
        </test-method> <!-- runScenario -->
        <test-method is-config="true" signature="tearDownClass()[pri:0, instance:StepDefinitions.TestRunner@76b1e9b8]" started-at="2022-03-20T21:28:01 GMT" name="tearDownClass" finished-at="2022-03-20T21:28:05 GMT" duration-ms="4301" status="PASS">
          <reporter-output>
          </reporter-output>
        </test-method> <!-- tearDownClass -->
      </class> <!-- StepDefinitions.TestRunner -->
    </test> <!-- Default test -->
  </suite> <!-- Default suite -->
</testng-results>
